\BOOKMARK [1][-]{section.1}{\376\377\000T\000h\000e\000\040\000P\000r\000o\000b\000l\000e\000m}{}% 1
\BOOKMARK [1][-]{section.2}{\376\377\000C\000u\000r\000r\000e\000n\000t\000\040\000S\000o\000l\000u\000t\000i\000o\000n\000s}{}% 2
\BOOKMARK [2][-]{subsection.2.1}{\376\377\000S\000p\000o\000t\000i\000f\000y\000\040\000D\000e\000d\000u\000p}{section.2}% 3
\BOOKMARK [2][-]{subsection.2.2}{\376\377\000P\000l\000a\000y\000m\000i\000x\000i\000f\000y}{section.2}% 4
\BOOKMARK [2][-]{subsection.2.3}{\376\377\000S\000w\000i\000p\000e\000f\000y\000\040\000f\000o\000r\000\040\000S\000p\000o\000t\000i\000f\000y}{section.2}% 5
\BOOKMARK [2][-]{subsection.2.4}{\376\377\000S\000k\000i\000l\000e\000y\000.\000n\000e\000t}{section.2}% 6
\BOOKMARK [1][-]{section.3}{\376\377\000O\000u\000r\000\040\000S\000o\000l\000u\000t\000i\000o\000n}{}% 7
\BOOKMARK [1][-]{section.4}{\376\377\000P\000r\000o\000j\000e\000c\000t\000\040\000A\000r\000c\000h\000i\000t\000e\000c\000t\000u\000r\000e}{}% 8
\BOOKMARK [2][-]{subsection.4.1}{\376\377\000A\000p\000p\000l\000i\000c\000a\000t\000i\000o\000n\000\040\000A\000r\000c\000h\000i\000t\000e\000c\000t\000u\000r\000e}{section.4}% 9
\BOOKMARK [2][-]{subsection.4.2}{\376\377\000U\000s\000e\000r\000\040\000I\000n\000t\000e\000r\000f\000a\000c\000e}{section.4}% 10
\BOOKMARK [2][-]{subsection.4.3}{\376\377\000S\000t\000a\000g\000i\000n\000g\000\040\000A\000r\000e\000a\000\040\000C\000a\000c\000h\000e}{section.4}% 11
\BOOKMARK [1][-]{section.5}{\376\377\000T\000e\000c\000h\000n\000o\000l\000o\000g\000y\000\040\000S\000t\000a\000c\000k}{}% 12
\BOOKMARK [2][-]{subsection.5.1}{\376\377\000U\000s\000e\000r\000\040\000I\000n\000t\000e\000r\000f\000a\000c\000e\000\040\000T\000e\000c\000h\000n\000o\000l\000o\000g\000i\000e\000s}{section.5}% 13
\BOOKMARK [2][-]{subsection.5.2}{\376\377\000S\000p\000o\000t\000i\000f\000y\000\040\000A\000P\000I\000\040\000I\000n\000t\000e\000r\000a\000c\000t\000i\000o\000n\000s}{section.5}% 14
\BOOKMARK [2][-]{subsection.5.3}{\376\377\000O\000t\000h\000e\000r\000\040\000t\000e\000c\000h\000n\000o\000l\000o\000g\000i\000e\000s}{section.5}% 15
\BOOKMARK [1][-]{section.6}{\376\377\000P\000r\000o\000j\000e\000c\000t\000\040\000C\000h\000a\000l\000l\000e\000n\000g\000e\000s}{}% 16
\BOOKMARK [1][-]{section.7}{\376\377\000U\000n\000i\000t\000\040\000T\000e\000s\000t\000i\000n\000g}{}% 17
\BOOKMARK [1][-]{section.8}{\376\377\000U\000s\000a\000b\000i\000l\000i\000t\000y\000\040\000T\000e\000s\000t\000i\000n\000g}{}% 18
\BOOKMARK [2][-]{subsection.8.1}{\376\377\000E\000s\000t\000i\000m\000a\000t\000i\000o\000n}{section.8}% 19
\BOOKMARK [2][-]{subsection.8.2}{\376\377\000P\000r\000o\000c\000e\000d\000u\000r\000e}{section.8}% 20
\BOOKMARK [1][-]{section.9}{\376\377\000M\000e\000a\000s\000u\000r\000e\000d\000\040\000R\000e\000s\000u\000l\000t\000s}{}% 21
\BOOKMARK [2][-]{subsection.9.1}{\376\377\000L\000i\000m\000i\000t\000a\000t\000i\000o\000n\000s}{section.9}% 22
\BOOKMARK [2][-]{subsection.9.2}{\376\377\000D\000i\000s\000c\000u\000s\000s\000i\000o\000n}{section.9}% 23
\BOOKMARK [1][-]{section.10}{\376\377\000L\000e\000s\000s\000o\000n\000s\000\040\000L\000e\000a\000r\000n\000e\000d}{}% 24
\BOOKMARK [1][-]{appendix.1.A}{\376\377\000C\000o\000n\000t\000r\000i\000b\000u\000t\000i\000o\000n\000s}{}% 25
\BOOKMARK [1][-]{appendix.1.B}{\376\377\000F\000e\000e\000d\000b\000a\000c\000k}{}% 26
